!SESSION 2019-03-27 09:29:51.937 -----------------------------------------------
eclipse.buildId=unknown
java.version=1.8.0_20
java.vendor=Oracle Corporation
BootLoader constants: OS=win32, ARCH=x86, WS=win32, NL=fr_FR
Framework arguments:  -product startereditor.product4 --launcher.secondThread
Command-line arguments:  -product startereditor.product4 -data C:\Users\TAGUEU\Documents\Workspace Eclipse SON/../runtime-ExportClient.product -dev file:C:/Users/TAGUEU/Documents/Workspace Eclipse SON/.metadata/.plugins/org.eclipse.pde.core/ExportClient.product/dev.properties -os win32 -ws win32 -arch x86 -consoleLog --launcher.secondThread -console -clean

!ENTRY org.eclipse.osgi 4 0 2019-03-27 09:29:53.210
!MESSAGE Could not find bundle: org.eclipse.equinox.console
!STACK 0
org.osgi.framework.BundleException: Could not find bundle: org.eclipse.equinox.console
	at org.eclipse.osgi.framework.internal.core.ConsoleManager.checkForConsoleBundle(ConsoleManager.java:211)
	at org.eclipse.core.runtime.adaptor.EclipseStarter.startup(EclipseStarter.java:298)
	at org.eclipse.core.runtime.adaptor.EclipseStarter.run(EclipseStarter.java:177)
	at sun.reflect.NativeMethodAccessorImpl.invoke0(Native Method)
	at sun.reflect.NativeMethodAccessorImpl.invoke(NativeMethodAccessorImpl.java:62)
	at sun.reflect.DelegatingMethodAccessorImpl.invoke(DelegatingMethodAccessorImpl.java:43)
	at java.lang.reflect.Method.invoke(Method.java:483)
	at org.eclipse.equinox.launcher.Main.invokeFramework(Main.java:636)
	at org.eclipse.equinox.launcher.Main.basicRun(Main.java:591)
	at org.eclipse.equinox.launcher.Main.run(Main.java:1450)
	at org.eclipse.equinox.launcher.Main.main(Main.java:1426)
