!SESSION 2018-03-12 12:46:55.714 -----------------------------------------------
eclipse.buildId=unknown
java.version=1.8.0_20
java.vendor=Oracle Corporation
BootLoader constants: OS=win32, ARCH=x86, WS=win32, NL=fr_FR
Framework arguments:  -product projekt.farbe.dialog.product
Command-line arguments:  -product projekt.farbe.dialog.product -data F:\Workspace\Projets SON/../runtime-projekt.farbe.dialog.product -dev file:F:/Workspace/Projets SON/.metadata/.plugins/org.eclipse.pde.core/projekt.farbe.dialog.product/dev.properties -os win32 -ws win32 -arch x86 -consoleLog

!ENTRY org.eclipse.equinox.app 0 0 2018-03-12 12:46:58.730
!MESSAGE Product projekt.farbe.dialog.product could not be found.

!ENTRY org.eclipse.osgi 4 0 2018-03-12 12:46:58.918
!MESSAGE Application error
!STACK 1
java.lang.RuntimeException: No application id has been found.
	at org.eclipse.equinox.internal.app.EclipseAppContainer.startDefaultApp(EclipseAppContainer.java:242)
	at org.eclipse.equinox.internal.app.MainApplicationLauncher.run(MainApplicationLauncher.java:29)
	at org.eclipse.core.runtime.internal.adaptor.EclipseAppLauncher.runApplication(EclipseAppLauncher.java:110)
	at org.eclipse.core.runtime.internal.adaptor.EclipseAppLauncher.start(EclipseAppLauncher.java:79)
	at org.eclipse.core.runtime.adaptor.EclipseStarter.run(EclipseStarter.java:354)
	at org.eclipse.core.runtime.adaptor.EclipseStarter.run(EclipseStarter.java:181)
	at sun.reflect.NativeMethodAccessorImpl.invoke0(Native Method)
	at sun.reflect.NativeMethodAccessorImpl.invoke(NativeMethodAccessorImpl.java:62)
	at sun.reflect.DelegatingMethodAccessorImpl.invoke(DelegatingMethodAccessorImpl.java:43)
	at java.lang.reflect.Method.invoke(Method.java:483)
	at org.eclipse.equinox.launcher.Main.invokeFramework(Main.java:636)
	at org.eclipse.equinox.launcher.Main.basicRun(Main.java:591)
	at org.eclipse.equinox.launcher.Main.run(Main.java:1450)
	at org.eclipse.equinox.launcher.Main.main(Main.java:1426)
