!SESSION 2017-07-01 19:14:45.583 -----------------------------------------------
eclipse.buildId=unknown
java.version=1.8.0_91
java.vendor=Oracle Corporation
BootLoader constants: OS=win32, ARCH=x86, WS=win32, NL=fr_FR
Framework arguments:  -product startereditor.product3 --launcher.secondThread
Command-line arguments:  -product startereditor.product3 -data F:\Workspace\Projets SON/../runtime-ExportHost.product -dev file:F:/Workspace/Projets SON/.metadata/.plugins/org.eclipse.pde.core/ExportHost.product/dev.properties -os win32 -ws win32 -arch x86 -consoleLog --launcher.secondThread -console -clean

!ENTRY org.eclipse.osgi 4 0 2017-07-01 19:15:07.958
!MESSAGE Could not find bundle: org.eclipse.equinox.console
!STACK 0
org.osgi.framework.BundleException: Could not find bundle: org.eclipse.equinox.console
	at org.eclipse.osgi.framework.internal.core.ConsoleManager.checkForConsoleBundle(ConsoleManager.java:211)
	at org.eclipse.core.runtime.adaptor.EclipseStarter.startup(EclipseStarter.java:298)
	at org.eclipse.core.runtime.adaptor.EclipseStarter.run(EclipseStarter.java:177)
	at sun.reflect.NativeMethodAccessorImpl.invoke0(Native Method)
	at sun.reflect.NativeMethodAccessorImpl.invoke(Unknown Source)
	at sun.reflect.DelegatingMethodAccessorImpl.invoke(Unknown Source)
	at java.lang.reflect.Method.invoke(Unknown Source)
	at org.eclipse.equinox.launcher.Main.invokeFramework(Main.java:636)
	at org.eclipse.equinox.launcher.Main.basicRun(Main.java:591)
	at org.eclipse.equinox.launcher.Main.run(Main.java:1450)
	at org.eclipse.equinox.launcher.Main.main(Main.java:1426)
