!SESSION 2018-05-13 18:25:42.815 -----------------------------------------------
eclipse.buildId=unknown
java.version=1.8.0_20
java.vendor=Oracle Corporation
BootLoader constants: OS=win32, ARCH=x86, WS=win32, NL=fr_FR
Framework arguments:  -product startereditor.product3 --launcher.secondThread
Command-line arguments:  -product startereditor.product3 -data E:\Workspace\Projets SON/../runtime-ExportHost.product -dev file:E:/Workspace/Projets SON/.metadata/.plugins/org.eclipse.pde.core/ExportHost.product/dev.properties -os win32 -ws win32 -arch x86 -consoleLog --launcher.secondThread -console -clean

!ENTRY startereditor 4 0 2018-05-13 18:25:44.469
!MESSAGE FrameworkEvent ERROR
!STACK 0
org.osgi.framework.BundleException: The bundle "startereditor_1.0.0.qualifier [4]" could not be resolved. Reason: Missing Constraint: Require-Bundle: SmartWorkflowDWfMS; bundle-version="1.0.0"
	at org.eclipse.osgi.framework.internal.core.AbstractBundle.getResolverError(AbstractBundle.java:1332)
	at org.eclipse.osgi.framework.internal.core.AbstractBundle.getResolutionFailureException(AbstractBundle.java:1316)
	at org.eclipse.osgi.framework.internal.core.BundleHost.startWorker(BundleHost.java:323)
	at org.eclipse.osgi.framework.internal.core.AbstractBundle.resume(AbstractBundle.java:390)
	at org.eclipse.osgi.framework.internal.core.Framework.resumeBundle(Framework.java:1176)
	at org.eclipse.osgi.framework.internal.core.StartLevelManager.resumeBundles(StartLevelManager.java:559)
	at org.eclipse.osgi.framework.internal.core.StartLevelManager.resumeBundles(StartLevelManager.java:544)
	at org.eclipse.osgi.framework.internal.core.StartLevelManager.incFWSL(StartLevelManager.java:457)
	at org.eclipse.osgi.framework.internal.core.StartLevelManager.doSetStartLevel(StartLevelManager.java:243)
	at org.eclipse.osgi.framework.internal.core.StartLevelManager.dispatchEvent(StartLevelManager.java:438)
	at org.eclipse.osgi.framework.internal.core.StartLevelManager.dispatchEvent(StartLevelManager.java:1)
	at org.eclipse.osgi.framework.eventmgr.EventManager.dispatchEvent(EventManager.java:230)
	at org.eclipse.osgi.framework.eventmgr.EventManager$EventThread.run(EventManager.java:340)

!ENTRY org.eclipse.osgi 4 0 2018-05-13 18:25:44.500
!MESSAGE Bundle initial@reference:file:E:/Workspace/Projets SON/startereditor/ was not resolved.

!ENTRY org.eclipse.osgi 4 0 2018-05-13 18:25:44.500
!MESSAGE Could not find bundle: org.eclipse.equinox.console
!STACK 0
org.osgi.framework.BundleException: Could not find bundle: org.eclipse.equinox.console
	at org.eclipse.osgi.framework.internal.core.ConsoleManager.checkForConsoleBundle(ConsoleManager.java:211)
	at org.eclipse.core.runtime.adaptor.EclipseStarter.startup(EclipseStarter.java:298)
	at org.eclipse.core.runtime.adaptor.EclipseStarter.run(EclipseStarter.java:177)
	at sun.reflect.NativeMethodAccessorImpl.invoke0(Native Method)
	at sun.reflect.NativeMethodAccessorImpl.invoke(NativeMethodAccessorImpl.java:62)
	at sun.reflect.DelegatingMethodAccessorImpl.invoke(DelegatingMethodAccessorImpl.java:43)
	at java.lang.reflect.Method.invoke(Method.java:483)
	at org.eclipse.equinox.launcher.Main.invokeFramework(Main.java:636)
	at org.eclipse.equinox.launcher.Main.basicRun(Main.java:591)
	at org.eclipse.equinox.launcher.Main.run(Main.java:1450)
	at org.eclipse.equinox.launcher.Main.main(Main.java:1426)

!ENTRY org.eclipse.osgi 2 0 2018-05-13 18:25:44.547
!MESSAGE One or more bundles are not resolved because the following root constraints are not resolved:
!SUBENTRY 1 org.eclipse.osgi 2 0 2018-05-13 18:25:44.547
!MESSAGE Bundle initial@reference:file:E:/Workspace/Projets SON/startereditor/ was not resolved.
!SUBENTRY 2 startereditor 2 0 2018-05-13 18:25:44.547
!MESSAGE Missing required bundle SmartWorkflowGUI_1.0.0.
!SUBENTRY 2 startereditor 2 0 2018-05-13 18:25:44.547
!MESSAGE Missing required bundle SmartWorkflowDWfMS_1.0.0.

!ENTRY org.eclipse.osgi 2 0 2018-05-13 18:25:44.641
!MESSAGE The following is a complete list of bundles which are not resolved, see the prior log entry for the root cause if it exists:
!SUBENTRY 1 org.eclipse.osgi 2 0 2018-05-13 18:25:44.641
!MESSAGE Bundle startereditor_1.0.0.qualifier [4] was not resolved.
!SUBENTRY 2 startereditor 2 0 2018-05-13 18:25:44.641
!MESSAGE Missing required bundle SmartWorkflowDWfMS_1.0.0.
!SUBENTRY 2 startereditor 2 0 2018-05-13 18:25:44.641
!MESSAGE Missing required bundle SmartWorkflowGUI_1.0.0.
